INFO 2026-02-27 01:06:08,844 log "GET /prometheus/metrics HTTP/1.1" 200 24574
INFO 2026-02-27 01:06:19,025 log "GET / HTTP/1.1" 200 13922
INFO 2026-02-27 01:06:19,060 log "GET /static/js/main.js HTTP/1.1" 200 0
INFO 2026-02-27 01:06:19,061 log "GET /static/css/main.css HTTP/1.1" 200 1952
INFO 2026-02-27 01:06:19,147 log "GET /static/quality_kitty_pics/PXL_20260219_051244894_preview_rev_1.png HTTP/1.1" 200 184294
INFO 2026-02-27 01:06:19,200 log "GET /static/quality_kitty_pics/I%20Love%20to%20Show%20up%20out%20of%20Nowhere/PXL_20260126_064329989.jpg HTTP/1.1" 304 0
INFO 2026-02-27 01:06:19,202 log "GET /static/quality_kitty_pics/I%20Love%20to%20Show%20up%20out%20of%20Nowhere/PXL_20260125_202626916.jpg HTTP/1.1" 304 0
INFO 2026-02-27 01:06:19,205 log "GET /static/quality_kitty_pics/I%20Love%20to%20Sleep/PXL_20260127_213412079.jpg HTTP/1.1" 304 0
INFO 2026-02-27 01:06:19,205 log "GET /static/quality_kitty_pics/I%20Love%20my%20Fwends/edited_PXL_20260220_230759219.jpg HTTP/1.1" 304 0
INFO 2026-02-27 01:06:19,208 log "GET /static/quality_kitty_pics/I%20Love%20to%20Sleep/PXL_20260203_205902633.jpg HTTP/1.1" 304 0
INFO 2026-02-27 01:06:19,210 log "GET /static/quality_kitty_pics/I%20Love%20my%20Fwends/WhatsApp%20Image%202026-02-22%20at%2009.51.35.jpeg HTTP/1.1" 200 204723
INFO 2026-02-27 01:06:19,212 log "GET /static/quality_kitty_pics/I%20Love%20to%20Explore/PXL_20260222_182437883.MP.jpg HTTP/1.1" 304 0
INFO 2026-02-27 01:06:19,246 log "GET /static/quality_kitty_pics/Take%20me%20on%20Vacation/PXL_20260219_051046737.PORTRAIT.jpg HTTP/1.1" 304 0
INFO 2026-02-27 01:06:19,246 log "GET /static/quality_kitty_pics/Take%20me%20on%20Vacation/PXL_20260219_051027972.jpg HTTP/1.1" 304 0
WARNING 2026-02-27 01:06:19,556 log Not Found: /favicon.ico
WARNING 2026-02-27 01:06:19,557 log "GET /favicon.ico HTTP/1.1" 404 2941
INFO 2026-02-27 01:06:23,844 log "GET /prometheus/metrics HTTP/1.1" 200 24575
INFO 2026-02-27 01:06:38,845 log "GET /prometheus/metrics HTTP/1.1" 200 24575
INFO 2026-02-27 01:06:53,845 log "GET /prometheus/metrics HTTP/1.1" 200 24576
INFO 2026-02-27 01:07:08,846 log "GET /prometheus/metrics HTTP/1.1" 200 24588
INFO 2026-02-27 01:07:23,845 log "GET /prometheus/metrics HTTP/1.1" 200 24573
INFO 2026-02-27 01:07:38,845 log "GET /prometheus/metrics HTTP/1.1" 200 24576
INFO 2026-02-27 01:07:53,844 log "GET /prometheus/metrics HTTP/1.1" 200 24575
INFO 2026-02-27 01:08:00,596 autoreload /app/kitty_website/views.py changed, reloading.
INFO 2026-02-27 01:08:02,059 autoreload Watching for file changes with StatReloader
INFO 2026-02-27 01:08:08,852 log "GET /prometheus/metrics HTTP/1.1" 200 15703
INFO 2026-02-27 01:08:17,587 autoreload /app/kitty_website/custom_logger.py changed, reloading.
INFO 2026-02-27 01:08:18,814 autoreload Watching for file changes with StatReloader
INFO 2026-02-27 01:08:23,848 log "GET /prometheus/metrics HTTP/1.1" 200 15722
INFO 2026-02-27 01:08:38,844 log "GET /prometheus/metrics HTTP/1.1" 200 19364
INFO 2026-02-27 01:08:53,843 log "GET /prometheus/metrics HTTP/1.1" 200 19350
INFO 2026-02-27 01:09:08,845 log "GET /prometheus/metrics HTTP/1.1" 200 19349
INFO 2026-02-27 01:09:23,844 log "GET /prometheus/metrics HTTP/1.1" 200 19350
INFO 2026-02-27 01:09:38,842 log "GET /prometheus/metrics HTTP/1.1" 200 19349
INFO 2026-02-27 01:09:53,844 log "GET /prometheus/metrics HTTP/1.1" 200 19351
INFO 2026-02-27 01:10:08,843 log "GET /prometheus/metrics HTTP/1.1" 200 19351
INFO 2026-02-27 01:10:13,332 log "GET / HTTP/1.1" 200 13922
INFO 2026-02-27 01:10:13,748 log "GET /static/quality_kitty_pics/I%20Love%20to%20Show%20up%20out%20of%20Nowhere/PXL_20260126_064329989.jpg HTTP/1.1" 304 0
INFO 2026-02-27 01:10:13,752 log "GET /static/quality_kitty_pics/I%20Love%20my%20Fwends/edited_PXL_20260220_230759219.jpg HTTP/1.1" 304 0
INFO 2026-02-27 01:10:13,752 log "GET /static/quality_kitty_pics/I%20Love%20to%20Show%20up%20out%20of%20Nowhere/PXL_20260125_202626916.jpg HTTP/1.1" 304 0
INFO 2026-02-27 01:10:13,754 log "GET /static/quality_kitty_pics/I%20Love%20to%20Sleep/PXL_20260127_213412079.jpg HTTP/1.1" 304 0
INFO 2026-02-27 01:10:13,757 log "GET /static/quality_kitty_pics/I%20Love%20to%20Sleep/PXL_20260203_205902633.jpg HTTP/1.1" 304 0
INFO 2026-02-27 01:10:13,757 log "GET /static/quality_kitty_pics/I%20Love%20to%20Explore/PXL_20260222_182437883.MP.jpg HTTP/1.1" 304 0
INFO 2026-02-27 01:10:13,799 log "GET /static/quality_kitty_pics/Take%20me%20on%20Vacation/PXL_20260219_051027972.jpg HTTP/1.1" 304 0
INFO 2026-02-27 01:10:13,799 log "GET /static/quality_kitty_pics/I%20Love%20to%20Play/california_playing.webm HTTP/1.1" 304 0
INFO 2026-02-27 01:10:13,799 log "GET /static/quality_kitty_pics/Take%20me%20on%20Vacation/PXL_20260219_051046737.PORTRAIT.jpg HTTP/1.1" 304 0
INFO 2026-02-27 01:10:23,843 log "GET /prometheus/metrics HTTP/1.1" 200 21841
INFO 2026-02-27 01:10:38,844 log "GET /prometheus/metrics HTTP/1.1" 200 21879
INFO 2026-02-27 01:10:53,845 log "GET /prometheus/metrics HTTP/1.1" 200 21899
INFO 2026-02-27 01:11:08,842 log "GET /prometheus/metrics HTTP/1.1" 200 21914
INFO 2026-02-27 01:11:23,845 log "GET /prometheus/metrics HTTP/1.1" 200 21913
INFO 2026-02-27 01:11:38,844 log "GET /prometheus/metrics HTTP/1.1" 200 21913
INFO 2026-02-27 01:11:53,844 log "GET /prometheus/metrics HTTP/1.1" 200 21900
INFO 2026-02-27 01:11:54,592 autoreload /app/kitty_website/custom_logger.py changed, reloading.
INFO 2026-02-27 01:11:55,864 autoreload Watching for file changes with StatReloader
INFO 2026-02-27 01:11:59,228 log "GET / HTTP/1.1" 200 13922
INFO 2026-02-27 01:11:59,350 log "GET /static/quality_kitty_pics/I%20Love%20to%20Show%20up%20out%20of%20Nowhere/PXL_20260126_064329989.jpg HTTP/1.1" 304 0
INFO 2026-02-27 01:11:59,351 log "GET /static/quality_kitty_pics/I%20Love%20to%20Show%20up%20out%20of%20Nowhere/PXL_20260125_202626916.jpg HTTP/1.1" 304 0
INFO 2026-02-27 01:11:59,355 log "GET /static/quality_kitty_pics/I%20Love%20my%20Fwends/edited_PXL_20260220_230759219.jpg HTTP/1.1" 304 0
INFO 2026-02-27 01:11:59,355 log "GET /static/quality_kitty_pics/I%20Love%20to%20Sleep/PXL_20260127_213412079.jpg HTTP/1.1" 304 0
INFO 2026-02-27 01:11:59,359 log "GET /static/quality_kitty_pics/I%20Love%20to%20Sleep/PXL_20260203_205902633.jpg HTTP/1.1" 304 0
INFO 2026-02-27 01:11:59,359 log "GET /static/quality_kitty_pics/I%20Love%20to%20Explore/PXL_20260222_182437883.MP.jpg HTTP/1.1" 304 0
INFO 2026-02-27 01:11:59,399 log "GET /static/quality_kitty_pics/Take%20me%20on%20Vacation/PXL_20260219_051046737.PORTRAIT.jpg HTTP/1.1" 304 0
INFO 2026-02-27 01:11:59,400 log "GET /static/quality_kitty_pics/Take%20me%20on%20Vacation/PXL_20260219_051027972.jpg HTTP/1.1" 304 0
INFO 2026-02-27 01:12:08,844 log "GET /prometheus/metrics HTTP/1.1" 200 19143
INFO 2026-02-27 01:12:23,844 log "GET /prometheus/metrics HTTP/1.1" 200 21802
INFO 2026-02-27 01:12:25,539 autoreload /app/kitty_website/custom_logger.py changed, reloading.
INFO 2026-02-27 01:12:26,790 autoreload Watching for file changes with StatReloader
INFO 2026-02-27 01:12:29,829 autoreload Watching for file changes with StatReloader
INFO 2026-02-27 01:12:32,913 autoreload Watching for file changes with StatReloader
INFO 2026-02-27 01:12:36,042 autoreload Watching for file changes with StatReloader
INFO 2026-02-27 01:12:39,605 autoreload Watching for file changes with StatReloader
INFO 2026-02-27 01:12:53,847 log "GET /prometheus/metrics HTTP/1.1" 200 15704
INFO 2026-02-27 01:13:08,844 log "GET /prometheus/metrics HTTP/1.1" 200 19357
INFO 2026-02-27 01:13:23,844 log "GET /prometheus/metrics HTTP/1.1" 200 19358
INFO 2026-02-27 01:13:38,844 log "GET /prometheus/metrics HTTP/1.1" 200 19343
INFO 2026-02-27 01:13:53,844 log "GET /prometheus/metrics HTTP/1.1" 200 19344
INFO 2026-02-27 01:14:08,844 log "GET /prometheus/metrics HTTP/1.1" 200 19358
INFO 2026-02-27 01:14:23,844 log "GET /prometheus/metrics HTTP/1.1" 200 19344
INFO 2026-02-27 01:14:38,843 log "GET /prometheus/metrics HTTP/1.1" 200 19344
INFO 2026-02-27 01:14:53,844 log "GET /prometheus/metrics HTTP/1.1" 200 19345
INFO 2026-02-27 01:15:08,844 log "GET /prometheus/metrics HTTP/1.1" 200 19397
INFO 2026-02-27 01:15:23,844 log "GET /prometheus/metrics HTTP/1.1" 200 19440
INFO 2026-02-27 01:15:38,844 log "GET /prometheus/metrics HTTP/1.1" 200 19439
INFO 2026-02-27 01:15:53,844 log "GET /prometheus/metrics HTTP/1.1" 200 19437
INFO 2026-02-27 01:16:08,843 log "GET /prometheus/metrics HTTP/1.1" 200 19439
INFO 2026-02-27 01:16:23,845 log "GET /prometheus/metrics HTTP/1.1" 200 19439
INFO 2026-02-27 01:16:38,844 log "GET /prometheus/metrics HTTP/1.1" 200 19440
INFO 2026-02-27 01:16:53,844 log "GET /prometheus/metrics HTTP/1.1" 200 19436
INFO 2026-02-27 01:17:08,844 log "GET /prometheus/metrics HTTP/1.1" 200 19439
INFO 2026-02-27 01:17:23,844 log "GET /prometheus/metrics HTTP/1.1" 200 19437
INFO 2026-02-27 01:17:38,844 log "GET /prometheus/metrics HTTP/1.1" 200 19439
INFO 2026-02-27 01:17:53,842 log "GET /prometheus/metrics HTTP/1.1" 200 19451
INFO 2026-02-27 01:18:08,845 log "GET /prometheus/metrics HTTP/1.1" 200 19437
INFO 2026-02-27 01:18:23,844 log "GET /prometheus/metrics HTTP/1.1" 200 19450
INFO 2026-02-27 01:18:38,843 log "GET /prometheus/metrics HTTP/1.1" 200 19438
INFO 2026-02-27 01:18:53,844 log "GET /prometheus/metrics HTTP/1.1" 200 19438
INFO 2026-02-27 01:19:08,843 log "GET /prometheus/metrics HTTP/1.1" 200 19452
INFO 2026-02-27 01:19:23,844 log "GET /prometheus/metrics HTTP/1.1" 200 19452
INFO 2026-02-27 01:19:38,843 log "GET /prometheus/metrics HTTP/1.1" 200 19438
INFO 2026-02-27 01:19:53,844 log "GET /prometheus/metrics HTTP/1.1" 200 19436
INFO 2026-02-27 01:20:08,844 log "GET /prometheus/metrics HTTP/1.1" 200 19437
INFO 2026-02-27 01:20:23,844 log "GET /prometheus/metrics HTTP/1.1" 200 19437
INFO 2026-02-27 01:20:38,843 log "GET /prometheus/metrics HTTP/1.1" 200 19438
INFO 2026-02-27 01:20:53,844 log "GET /prometheus/metrics HTTP/1.1" 200 19438
INFO 2026-02-27 01:21:08,844 log "GET /prometheus/metrics HTTP/1.1" 200 19437
INFO 2026-02-27 01:21:23,843 log "GET /prometheus/metrics HTTP/1.1" 200 19437
INFO 2026-02-27 01:21:38,843 log "GET /prometheus/metrics HTTP/1.1" 200 19438
INFO 2026-02-27 01:21:53,843 log "GET /prometheus/metrics HTTP/1.1" 200 19452
INFO 2026-02-27 01:22:08,844 log "GET /prometheus/metrics HTTP/1.1" 200 19438
INFO 2026-02-27 01:22:23,843 log "GET /prometheus/metrics HTTP/1.1" 200 19438
INFO 2026-02-27 01:22:38,843 log "GET /prometheus/metrics HTTP/1.1" 200 19439
INFO 2026-02-27 01:22:53,844 log "GET /prometheus/metrics HTTP/1.1" 200 19439
INFO 2026-02-27 01:23:01,783 autoreload /app/kitty_website/custom_logger.py changed, reloading.
INFO 2026-02-27 01:23:03,087 autoreload Watching for file changes with StatReloader
INFO 2026-02-27 01:23:06,100 autoreload Watching for file changes with StatReloader
INFO 2026-02-27 01:23:09,009 autoreload Watching for file changes with StatReloader
INFO 2026-02-27 01:23:12,130 autoreload Watching for file changes with StatReloader
INFO 2026-02-27 01:23:15,747 autoreload Watching for file changes with StatReloader
INFO 2026-02-27 01:23:23,848 log "GET /prometheus/metrics HTTP/1.1" 200 15702
INFO 2026-02-27 01:23:38,844 log "GET /prometheus/metrics HTTP/1.1" 200 19343
INFO 2026-02-27 01:23:53,844 log "GET /prometheus/metrics HTTP/1.1" 200 19357
INFO 2026-02-27 01:23:57,674 autoreload /app/kitty_website/custom_logger.py changed, reloading.
INFO 2026-02-27 01:23:58,899 autoreload Watching for file changes with StatReloader
INFO 2026-02-27 01:24:08,848 log "GET /prometheus/metrics HTTP/1.1" 200 15701
INFO 2026-02-27 01:24:10,706 log "GET /prometheus/metrics HTTP/1.1" 200 19346
INFO 2026-02-27 01:24:10,824 log "GET /prometheus/metrics HTTP/1.1" 200 19345
INFO 2026-02-27 01:24:23,844 log "GET /prometheus/metrics HTTP/1.1" 200 19344
INFO 2026-02-27 01:24:38,843 log "GET /prometheus/metrics HTTP/1.1" 200 19345
INFO 2026-02-27 01:24:44,661 log "GET / HTTP/1.1" 200 13922
INFO 2026-02-27 01:24:44,819 log "GET /static/quality_kitty_pics/I%20Love%20to%20Show%20up%20out%20of%20Nowhere/PXL_20260126_064329989.jpg HTTP/1.1" 304 0
INFO 2026-02-27 01:24:44,821 log "GET /static/quality_kitty_pics/I%20Love%20to%20Show%20up%20out%20of%20Nowhere/PXL_20260125_202626916.jpg HTTP/1.1" 304 0
INFO 2026-02-27 01:24:44,823 log "GET /static/quality_kitty_pics/I%20Love%20my%20Fwends/edited_PXL_20260220_230759219.jpg HTTP/1.1" 304 0
INFO 2026-02-27 01:24:44,823 log "GET /static/quality_kitty_pics/I%20Love%20to%20Sleep/PXL_20260127_213412079.jpg HTTP/1.1" 304 0
INFO 2026-02-27 01:24:44,826 log "GET /static/quality_kitty_pics/I%20Love%20to%20Sleep/PXL_20260203_205902633.jpg HTTP/1.1" 304 0
INFO 2026-02-27 01:24:44,827 log "GET /static/quality_kitty_pics/I%20Love%20to%20Explore/PXL_20260222_182437883.MP.jpg HTTP/1.1" 304 0
INFO 2026-02-27 01:24:44,872 log "GET /static/quality_kitty_pics/Take%20me%20on%20Vacation/PXL_20260219_051046737.PORTRAIT.jpg HTTP/1.1" 304 0
INFO 2026-02-27 01:24:44,873 log "GET /static/quality_kitty_pics/Take%20me%20on%20Vacation/PXL_20260219_051027972.jpg HTTP/1.1" 304 0
INFO 2026-02-27 01:24:45,167 log "GET /static/quality_kitty_pics/I%20Love%20to%20Play/california_playing.webm HTTP/1.1" 304 0
INFO 2026-02-27 01:24:45,791 log "GET / HTTP/1.1" 200 13922
INFO 2026-02-27 01:24:45,907 log "GET /static/quality_kitty_pics/I%20Love%20to%20Show%20up%20out%20of%20Nowhere/PXL_20260126_064329989.jpg HTTP/1.1" 304 0
INFO 2026-02-27 01:24:45,908 log "GET /static/quality_kitty_pics/I%20Love%20to%20Show%20up%20out%20of%20Nowhere/PXL_20260125_202626916.jpg HTTP/1.1" 304 0
INFO 2026-02-27 01:24:45,914 log "GET /static/quality_kitty_pics/I%20Love%20my%20Fwends/edited_PXL_20260220_230759219.jpg HTTP/1.1" 304 0
INFO 2026-02-27 01:24:45,916 log "GET /static/quality_kitty_pics/I%20Love%20to%20Sleep/PXL_20260127_213412079.jpg HTTP/1.1" 304 0
INFO 2026-02-27 01:24:45,917 log "GET /static/quality_kitty_pics/I%20Love%20to%20Sleep/PXL_20260203_205902633.jpg HTTP/1.1" 304 0
INFO 2026-02-27 01:24:45,918 log "GET /static/quality_kitty_pics/I%20Love%20to%20Explore/PXL_20260222_182437883.MP.jpg HTTP/1.1" 304 0
INFO 2026-02-27 01:24:45,958 log "GET /static/quality_kitty_pics/Take%20me%20on%20Vacation/PXL_20260219_051027972.jpg HTTP/1.1" 304 0
INFO 2026-02-27 01:24:45,958 log "GET /static/quality_kitty_pics/Take%20me%20on%20Vacation/PXL_20260219_051046737.PORTRAIT.jpg HTTP/1.1" 304 0
INFO 2026-02-27 01:24:46,691 log "GET / HTTP/1.1" 200 13922
INFO 2026-02-27 01:24:47,138 log "GET /static/quality_kitty_pics/I%20Love%20to%20Show%20up%20out%20of%20Nowhere/PXL_20260126_064329989.jpg HTTP/1.1" 304 0
INFO 2026-02-27 01:24:47,140 log "GET /static/quality_kitty_pics/I%20Love%20to%20Show%20up%20out%20of%20Nowhere/PXL_20260125_202626916.jpg HTTP/1.1" 304 0
INFO 2026-02-27 01:24:47,141 log "GET /static/quality_kitty_pics/I%20Love%20my%20Fwends/edited_PXL_20260220_230759219.jpg HTTP/1.1" 304 0
INFO 2026-02-27 01:24:47,148 log "GET /static/quality_kitty_pics/I%20Love%20to%20Sleep/PXL_20260203_205902633.jpg HTTP/1.1" 304 0
INFO 2026-02-27 01:24:47,149 log "GET /static/quality_kitty_pics/I%20Love%20to%20Sleep/PXL_20260127_213412079.jpg HTTP/1.1" 304 0
INFO 2026-02-27 01:24:47,150 log "GET /static/quality_kitty_pics/I%20Love%20to%20Explore/PXL_20260222_182437883.MP.jpg HTTP/1.1" 304 0
INFO 2026-02-27 01:24:47,183 log "GET /static/quality_kitty_pics/Take%20me%20on%20Vacation/PXL_20260219_051027972.jpg HTTP/1.1" 304 0
INFO 2026-02-27 01:24:47,183 log "GET /static/quality_kitty_pics/Take%20me%20on%20Vacation/PXL_20260219_051046737.PORTRAIT.jpg HTTP/1.1" 304 0
INFO 2026-02-27 01:24:47,723 log "GET / HTTP/1.1" 200 13922
INFO 2026-02-27 01:24:47,833 log "GET /static/quality_kitty_pics/I%20Love%20to%20Show%20up%20out%20of%20Nowhere/PXL_20260125_202626916.jpg HTTP/1.1" 304 0
INFO 2026-02-27 01:24:47,834 log "GET /static/quality_kitty_pics/I%20Love%20to%20Sleep/PXL_20260127_213412079.jpg HTTP/1.1" 304 0
INFO 2026-02-27 01:24:47,836 log "GET /static/quality_kitty_pics/I%20Love%20to%20Sleep/PXL_20260203_205902633.jpg HTTP/1.1" 304 0
INFO 2026-02-27 01:24:47,836 log "GET /static/quality_kitty_pics/I%20Love%20to%20Explore/PXL_20260222_182437883.MP.jpg HTTP/1.1" 304 0
INFO 2026-02-27 01:24:47,837 log "GET /static/quality_kitty_pics/I%20Love%20to%20Show%20up%20out%20of%20Nowhere/PXL_20260126_064329989.jpg HTTP/1.1" 304 0
INFO 2026-02-27 01:24:47,837 log "GET /static/quality_kitty_pics/I%20Love%20my%20Fwends/edited_PXL_20260220_230759219.jpg HTTP/1.1" 304 0
INFO 2026-02-27 01:24:47,880 log "GET /static/quality_kitty_pics/Take%20me%20on%20Vacation/PXL_20260219_051027972.jpg HTTP/1.1" 304 0
INFO 2026-02-27 01:24:47,880 log "GET /static/quality_kitty_pics/Take%20me%20on%20Vacation/PXL_20260219_051046737.PORTRAIT.jpg HTTP/1.1" 304 0
INFO 2026-02-27 01:24:53,844 log "GET /prometheus/metrics HTTP/1.1" 200 21846
INFO 2026-02-27 01:25:08,844 log "GET /prometheus/metrics HTTP/1.1" 200 21868
INFO 2026-02-27 01:25:23,844 log "GET /prometheus/metrics HTTP/1.1" 200 21870
INFO 2026-02-27 01:25:38,845 log "GET /prometheus/metrics HTTP/1.1" 200 21868
WARNING 2026-02-27 01:25:45,656 log Not Found: /favicon.ico
WARNING 2026-02-27 01:25:45,657 log "GET /favicon.ico HTTP/1.1" 404 2941
INFO 2026-02-27 01:25:46,423 log "GET / HTTP/1.1" 200 13922
INFO 2026-02-27 01:25:46,441 log "GET /static/css/main.css HTTP/1.1" 304 0
INFO 2026-02-27 01:25:46,443 log "GET /static/js/main.js HTTP/1.1" 304 0
INFO 2026-02-27 01:25:46,444 log "GET /static/quality_kitty_pics/PXL_20260219_051244894_preview_rev_1.png HTTP/1.1" 304 0
INFO 2026-02-27 01:25:46,445 log "GET /static/quality_kitty_pics/I%20Love%20to%20Show%20up%20out%20of%20Nowhere/PXL_20260126_064329989.jpg HTTP/1.1" 304 0
INFO 2026-02-27 01:25:46,488 log "GET /static/quality_kitty_pics/I%20Love%20to%20Show%20up%20out%20of%20Nowhere/PXL_20260125_202626916.jpg HTTP/1.1" 304 0
INFO 2026-02-27 01:25:46,495 log "GET /static/quality_kitty_pics/I%20Love%20my%20Fwends/edited_PXL_20260220_230759219.jpg HTTP/1.1" 304 0
INFO 2026-02-27 01:25:46,497 log "GET /static/quality_kitty_pics/I%20Love%20to%20Sleep/PXL_20260203_205902633.jpg HTTP/1.1" 304 0
INFO 2026-02-27 01:25:46,498 log "GET /static/quality_kitty_pics/I%20Love%20to%20Sleep/PXL_20260127_213412079.jpg HTTP/1.1" 304 0
INFO 2026-02-27 01:25:46,500 log "GET /static/quality_kitty_pics/I%20Love%20my%20Fwends/WhatsApp%20Image%202026-02-22%20at%2009.51.35.jpeg HTTP/1.1" 304 0
INFO 2026-02-27 01:25:46,502 log "GET /static/quality_kitty_pics/I%20Love%20to%20Explore/PXL_20260222_182437883.MP.jpg HTTP/1.1" 304 0
INFO 2026-02-27 01:25:46,534 log "GET /static/quality_kitty_pics/Take%20me%20on%20Vacation/PXL_20260219_051027972.jpg HTTP/1.1" 304 0
INFO 2026-02-27 01:25:46,551 log "GET /static/quality_kitty_pics/Take%20me%20on%20Vacation/PXL_20260219_051046737.PORTRAIT.jpg HTTP/1.1" 304 0
INFO 2026-02-27 01:25:46,551 log "GET /static/quality_kitty_pics/I%20Love%20to%20Play/california_playing.webm HTTP/1.1" 304 0
INFO 2026-02-27 01:25:46,625 log "GET / HTTP/1.1" 200 13922
INFO 2026-02-27 01:25:46,642 log "GET /static/js/main.js HTTP/1.1" 304 0
INFO 2026-02-27 01:25:46,643 log "GET /static/css/main.css HTTP/1.1" 304 0
INFO 2026-02-27 01:25:46,643 log "GET /static/quality_kitty_pics/PXL_20260219_051244894_preview_rev_1.png HTTP/1.1" 304 0
INFO 2026-02-27 01:25:46,644 log "GET /static/quality_kitty_pics/I%20Love%20to%20Show%20up%20out%20of%20Nowhere/PXL_20260126_064329989.jpg HTTP/1.1" 304 0
INFO 2026-02-27 01:25:46,692 log "GET /static/quality_kitty_pics/I%20Love%20to%20Sleep/PXL_20260127_213412079.jpg HTTP/1.1" 304 0
INFO 2026-02-27 01:25:46,694 log "GET /static/quality_kitty_pics/I%20Love%20my%20Fwends/edited_PXL_20260220_230759219.jpg HTTP/1.1" 304 0
INFO 2026-02-27 01:25:46,694 log "GET /static/quality_kitty_pics/I%20Love%20to%20Sleep/PXL_20260203_205902633.jpg HTTP/1.1" 304 0
INFO 2026-02-27 01:25:46,695 log "GET /static/quality_kitty_pics/I%20Love%20to%20Show%20up%20out%20of%20Nowhere/PXL_20260125_202626916.jpg HTTP/1.1" 304 0
INFO 2026-02-27 01:25:46,700 log "GET /static/quality_kitty_pics/I%20Love%20to%20Explore/PXL_20260222_182437883.MP.jpg HTTP/1.1" 304 0
INFO 2026-02-27 01:25:46,701 log "GET /static/quality_kitty_pics/I%20Love%20my%20Fwends/WhatsApp%20Image%202026-02-22%20at%2009.51.35.jpeg HTTP/1.1" 304 0
INFO 2026-02-27 01:25:46,747 log "GET /static/quality_kitty_pics/Take%20me%20on%20Vacation/PXL_20260219_051027972.jpg HTTP/1.1" 304 0
INFO 2026-02-27 01:25:46,749 log "GET /static/quality_kitty_pics/Take%20me%20on%20Vacation/PXL_20260219_051046737.PORTRAIT.jpg HTTP/1.1" 304 0
INFO 2026-02-27 01:25:46,749 log "GET /static/quality_kitty_pics/I%20Love%20to%20Play/california_playing.webm HTTP/1.1" 304 0
INFO 2026-02-27 01:25:46,818 log "GET / HTTP/1.1" 200 13922
INFO 2026-02-27 01:25:46,830 log "GET /static/css/main.css HTTP/1.1" 304 0
INFO 2026-02-27 01:25:46,833 log "GET /static/quality_kitty_pics/PXL_20260219_051244894_preview_rev_1.png HTTP/1.1" 304 0
INFO 2026-02-27 01:25:46,834 log "GET /static/js/main.js HTTP/1.1" 304 0
INFO 2026-02-27 01:25:46,834 log "GET /static/quality_kitty_pics/I%20Love%20to%20Show%20up%20out%20of%20Nowhere/PXL_20260126_064329989.jpg HTTP/1.1" 304 0
INFO 2026-02-27 01:25:46,882 log "GET /static/quality_kitty_pics/I%20Love%20my%20Fwends/edited_PXL_20260220_230759219.jpg HTTP/1.1" 304 0
INFO 2026-02-27 01:25:46,883 log "GET /static/quality_kitty_pics/I%20Love%20to%20Show%20up%20out%20of%20Nowhere/PXL_20260125_202626916.jpg HTTP/1.1" 304 0
INFO 2026-02-27 01:25:46,889 log "GET /static/quality_kitty_pics/I%20Love%20to%20Sleep/PXL_20260127_213412079.jpg HTTP/1.1" 304 0
INFO 2026-02-27 01:25:46,890 log "GET /static/quality_kitty_pics/I%20Love%20to%20Sleep/PXL_20260203_205902633.jpg HTTP/1.1" 304 0
INFO 2026-02-27 01:25:46,890 log "GET /static/quality_kitty_pics/I%20Love%20my%20Fwends/WhatsApp%20Image%202026-02-22%20at%2009.51.35.jpeg HTTP/1.1" 304 0
INFO 2026-02-27 01:25:46,890 log "GET /static/quality_kitty_pics/I%20Love%20to%20Explore/PXL_20260222_182437883.MP.jpg HTTP/1.1" 304 0
INFO 2026-02-27 01:25:46,928 log "GET /static/quality_kitty_pics/Take%20me%20on%20Vacation/PXL_20260219_051027972.jpg HTTP/1.1" 304 0
INFO 2026-02-27 01:25:46,929 log "GET /static/quality_kitty_pics/Take%20me%20on%20Vacation/PXL_20260219_051046737.PORTRAIT.jpg HTTP/1.1" 304 0
INFO 2026-02-27 01:25:46,942 log "GET /static/quality_kitty_pics/I%20Love%20to%20Play/california_playing.webm HTTP/1.1" 304 0
INFO 2026-02-27 01:25:47,136 log "GET / HTTP/1.1" 200 13922
INFO 2026-02-27 01:25:47,153 log "GET /static/js/main.js HTTP/1.1" 304 0
INFO 2026-02-27 01:25:47,153 log "GET /static/quality_kitty_pics/PXL_20260219_051244894_preview_rev_1.png HTTP/1.1" 304 0
INFO 2026-02-27 01:25:47,153 log "GET /static/quality_kitty_pics/I%20Love%20to%20Show%20up%20out%20of%20Nowhere/PXL_20260126_064329989.jpg HTTP/1.1" 304 0
INFO 2026-02-27 01:25:47,154 log "GET /static/css/main.css HTTP/1.1" 304 0
INFO 2026-02-27 01:25:47,200 log "GET /static/quality_kitty_pics/I%20Love%20to%20Show%20up%20out%20of%20Nowhere/PXL_20260125_202626916.jpg HTTP/1.1" 304 0
INFO 2026-02-27 01:25:47,200 log "GET /static/quality_kitty_pics/I%20Love%20my%20Fwends/edited_PXL_20260220_230759219.jpg HTTP/1.1" 304 0
INFO 2026-02-27 01:25:47,208 log "GET /static/quality_kitty_pics/I%20Love%20my%20Fwends/WhatsApp%20Image%202026-02-22%20at%2009.51.35.jpeg HTTP/1.1" 304 0
INFO 2026-02-27 01:25:47,209 log "GET /static/quality_kitty_pics/I%20Love%20to%20Sleep/PXL_20260203_205902633.jpg HTTP/1.1" 304 0
INFO 2026-02-27 01:25:47,209 log "GET /static/quality_kitty_pics/I%20Love%20to%20Sleep/PXL_20260127_213412079.jpg HTTP/1.1" 304 0
INFO 2026-02-27 01:25:47,209 log "GET /static/quality_kitty_pics/I%20Love%20to%20Explore/PXL_20260222_182437883.MP.jpg HTTP/1.1" 304 0
INFO 2026-02-27 01:25:47,245 log "GET /static/quality_kitty_pics/Take%20me%20on%20Vacation/PXL_20260219_051046737.PORTRAIT.jpg HTTP/1.1" 304 0
INFO 2026-02-27 01:25:47,245 log "GET /static/quality_kitty_pics/Take%20me%20on%20Vacation/PXL_20260219_051027972.jpg HTTP/1.1" 304 0
INFO 2026-02-27 01:25:47,259 log "GET /static/quality_kitty_pics/I%20Love%20to%20Play/california_playing.webm HTTP/1.1" 304 0
INFO 2026-02-27 01:25:47,409 log "GET / HTTP/1.1" 200 13922
INFO 2026-02-27 01:25:47,423 log "GET /static/quality_kitty_pics/PXL_20260219_051244894_preview_rev_1.png HTTP/1.1" 304 0
INFO 2026-02-27 01:25:47,424 log "GET /static/js/main.js HTTP/1.1" 304 0
INFO 2026-02-27 01:25:47,425 log "GET /static/css/main.css HTTP/1.1" 304 0
INFO 2026-02-27 01:25:47,425 log "GET /static/quality_kitty_pics/I%20Love%20to%20Show%20up%20out%20of%20Nowhere/PXL_20260126_064329989.jpg HTTP/1.1" 304 0
INFO 2026-02-27 01:25:47,471 log "GET /static/quality_kitty_pics/I%20Love%20to%20Show%20up%20out%20of%20Nowhere/PXL_20260125_202626916.jpg HTTP/1.1" 304 0
INFO 2026-02-27 01:25:47,479 log "GET /static/quality_kitty_pics/I%20Love%20my%20Fwends/edited_PXL_20260220_230759219.jpg HTTP/1.1" 304 0
INFO 2026-02-27 01:25:47,481 log "GET /static/quality_kitty_pics/I%20Love%20to%20Sleep/PXL_20260127_213412079.jpg HTTP/1.1" 304 0
INFO 2026-02-27 01:25:47,481 log "GET /static/quality_kitty_pics/I%20Love%20my%20Fwends/WhatsApp%20Image%202026-02-22%20at%2009.51.35.jpeg HTTP/1.1" 304 0
INFO 2026-02-27 01:25:47,480 log "GET /static/quality_kitty_pics/I%20Love%20to%20Explore/PXL_20260222_182437883.MP.jpg HTTP/1.1" 304 0
INFO 2026-02-27 01:25:47,480 log "GET /static/quality_kitty_pics/I%20Love%20to%20Sleep/PXL_20260203_205902633.jpg HTTP/1.1" 304 0
INFO 2026-02-27 01:25:47,516 log "GET /static/quality_kitty_pics/Take%20me%20on%20Vacation/PXL_20260219_051027972.jpg HTTP/1.1" 304 0
INFO 2026-02-27 01:25:47,532 log "GET /static/quality_kitty_pics/Take%20me%20on%20Vacation/PXL_20260219_051046737.PORTRAIT.jpg HTTP/1.1" 304 0
INFO 2026-02-27 01:25:47,533 log "GET /static/quality_kitty_pics/I%20Love%20to%20Play/california_playing.webm HTTP/1.1" 304 0
INFO 2026-02-27 01:25:47,628 log "GET / HTTP/1.1" 200 13922
INFO 2026-02-27 01:25:47,643 log "GET /static/css/main.css HTTP/1.1" 304 0
INFO 2026-02-27 01:25:47,644 log "GET /static/quality_kitty_pics/I%20Love%20to%20Show%20up%20out%20of%20Nowhere/PXL_20260126_064329989.jpg HTTP/1.1" 304 0
INFO 2026-02-27 01:25:47,644 log "GET /static/quality_kitty_pics/PXL_20260219_051244894_preview_rev_1.png HTTP/1.1" 304 0
INFO 2026-02-27 01:25:47,644 log "GET /static/js/main.js HTTP/1.1" 304 0
INFO 2026-02-27 01:25:47,700 log "GET /static/quality_kitty_pics/I%20Love%20to%20Show%20up%20out%20of%20Nowhere/PXL_20260125_202626916.jpg HTTP/1.1" 304 0
INFO 2026-02-27 01:25:47,700 log "GET /static/quality_kitty_pics/I%20Love%20my%20Fwends/edited_PXL_20260220_230759219.jpg HTTP/1.1" 304 0
INFO 2026-02-27 01:25:47,707 log "GET /static/quality_kitty_pics/I%20Love%20to%20Sleep/PXL_20260127_213412079.jpg HTTP/1.1" 304 0
INFO 2026-02-27 01:25:47,707 log "GET /static/quality_kitty_pics/I%20Love%20to%20Explore/PXL_20260222_182437883.MP.jpg HTTP/1.1" 304 0
INFO 2026-02-27 01:25:47,708 log "GET /static/quality_kitty_pics/I%20Love%20my%20Fwends/WhatsApp%20Image%202026-02-22%20at%2009.51.35.jpeg HTTP/1.1" 304 0
INFO 2026-02-27 01:25:47,709 log "GET /static/quality_kitty_pics/I%20Love%20to%20Sleep/PXL_20260203_205902633.jpg HTTP/1.1" 304 0
INFO 2026-02-27 01:25:47,745 log "GET /static/quality_kitty_pics/Take%20me%20on%20Vacation/PXL_20260219_051027972.jpg HTTP/1.1" 304 0
INFO 2026-02-27 01:25:47,745 log "GET /static/quality_kitty_pics/Take%20me%20on%20Vacation/PXL_20260219_051046737.PORTRAIT.jpg HTTP/1.1" 304 0
INFO 2026-02-27 01:25:47,760 log "GET /static/quality_kitty_pics/I%20Love%20to%20Play/california_playing.webm HTTP/1.1" 304 0
INFO 2026-02-27 01:25:49,654 log "GET / HTTP/1.1" 200 13922
INFO 2026-02-27 01:25:49,669 log "GET /static/css/main.css HTTP/1.1" 304 0
INFO 2026-02-27 01:25:49,671 log "GET /static/js/main.js HTTP/1.1" 304 0
INFO 2026-02-27 01:25:49,672 log "GET /static/quality_kitty_pics/PXL_20260219_051244894_preview_rev_1.png HTTP/1.1" 304 0
INFO 2026-02-27 01:25:49,673 log "GET /static/quality_kitty_pics/I%20Love%20to%20Show%20up%20out%20of%20Nowhere/PXL_20260126_064329989.jpg HTTP/1.1" 304 0
INFO 2026-02-27 01:25:49,727 log "GET /static/quality_kitty_pics/I%20Love%20to%20Show%20up%20out%20of%20Nowhere/PXL_20260125_202626916.jpg HTTP/1.1" 304 0
INFO 2026-02-27 01:25:49,728 log "GET /static/quality_kitty_pics/I%20Love%20my%20Fwends/edited_PXL_20260220_230759219.jpg HTTP/1.1" 304 0
INFO 2026-02-27 01:25:49,736 log "GET /static/quality_kitty_pics/I%20Love%20to%20Sleep/PXL_20260127_213412079.jpg HTTP/1.1" 304 0
INFO 2026-02-27 01:25:49,738 log "GET /static/quality_kitty_pics/I%20Love%20my%20Fwends/WhatsApp%20Image%202026-02-22%20at%2009.51.35.jpeg HTTP/1.1" 304 0
INFO 2026-02-27 01:25:49,739 log "GET /static/quality_kitty_pics/I%20Love%20to%20Sleep/PXL_20260203_205902633.jpg HTTP/1.1" 304 0
INFO 2026-02-27 01:25:49,740 log "GET /static/quality_kitty_pics/I%20Love%20to%20Explore/PXL_20260222_182437883.MP.jpg HTTP/1.1" 304 0
INFO 2026-02-27 01:25:49,772 log "GET /static/quality_kitty_pics/Take%20me%20on%20Vacation/PXL_20260219_051027972.jpg HTTP/1.1" 304 0
INFO 2026-02-27 01:25:49,772 log "GET /static/quality_kitty_pics/Take%20me%20on%20Vacation/PXL_20260219_051046737.PORTRAIT.jpg HTTP/1.1" 304 0
INFO 2026-02-27 01:25:49,786 log "GET /static/quality_kitty_pics/I%20Love%20to%20Play/california_playing.webm HTTP/1.1" 304 0
INFO 2026-02-27 01:25:49,885 log "GET / HTTP/1.1" 200 13922
INFO 2026-02-27 01:25:49,897 log "GET /static/css/main.css HTTP/1.1" 304 0
INFO 2026-02-27 01:25:49,901 log "GET /static/quality_kitty_pics/PXL_20260219_051244894_preview_rev_1.png HTTP/1.1" 304 0
INFO 2026-02-27 01:25:49,901 log "GET /static/js/main.js HTTP/1.1" 304 0
INFO 2026-02-27 01:25:49,902 log "GET /static/quality_kitty_pics/I%20Love%20to%20Show%20up%20out%20of%20Nowhere/PXL_20260126_064329989.jpg HTTP/1.1" 304 0
INFO 2026-02-27 01:25:49,953 log "GET /static/quality_kitty_pics/I%20Love%20to%20Show%20up%20out%20of%20Nowhere/PXL_20260125_202626916.jpg HTTP/1.1" 304 0
INFO 2026-02-27 01:25:49,962 log "GET /static/quality_kitty_pics/I%20Love%20my%20Fwends/edited_PXL_20260220_230759219.jpg HTTP/1.1" 304 0
INFO 2026-02-27 01:25:49,963 log "GET /static/quality_kitty_pics/I%20Love%20to%20Sleep/PXL_20260127_213412079.jpg HTTP/1.1" 304 0
INFO 2026-02-27 01:25:49,963 log "GET /static/quality_kitty_pics/I%20Love%20my%20Fwends/WhatsApp%20Image%202026-02-22%20at%2009.51.35.jpeg HTTP/1.1" 304 0
INFO 2026-02-27 01:25:49,964 log "GET /static/quality_kitty_pics/I%20Love%20to%20Explore/PXL_20260222_182437883.MP.jpg HTTP/1.1" 304 0
INFO 2026-02-27 01:25:49,964 log "GET /static/quality_kitty_pics/I%20Love%20to%20Sleep/PXL_20260203_205902633.jpg HTTP/1.1" 304 0
INFO 2026-02-27 01:25:49,997 log "GET /static/quality_kitty_pics/Take%20me%20on%20Vacation/PXL_20260219_051027972.jpg HTTP/1.1" 304 0
INFO 2026-02-27 01:25:50,013 log "GET /static/quality_kitty_pics/Take%20me%20on%20Vacation/PXL_20260219_051046737.PORTRAIT.jpg HTTP/1.1" 304 0
INFO 2026-02-27 01:25:50,015 log "GET /static/quality_kitty_pics/I%20Love%20to%20Play/california_playing.webm HTTP/1.1" 304 0
INFO 2026-02-27 01:25:50,112 log "GET / HTTP/1.1" 200 13922
INFO 2026-02-27 01:25:50,125 log "GET /static/quality_kitty_pics/PXL_20260219_051244894_preview_rev_1.png HTTP/1.1" 304 0
INFO 2026-02-27 01:25:50,127 log "GET /static/quality_kitty_pics/I%20Love%20to%20Show%20up%20out%20of%20Nowhere/PXL_20260126_064329989.jpg HTTP/1.1" 304 0
INFO 2026-02-27 01:25:50,127 log "GET /static/css/main.css HTTP/1.1" 304 0
INFO 2026-02-27 01:25:50,126 log "GET /static/js/main.js HTTP/1.1" 304 0
INFO 2026-02-27 01:25:50,178 log "GET /static/quality_kitty_pics/I%20Love%20my%20Fwends/edited_PXL_20260220_230759219.jpg HTTP/1.1" 304 0
INFO 2026-02-27 01:25:50,179 log "GET /static/quality_kitty_pics/I%20Love%20to%20Show%20up%20out%20of%20Nowhere/PXL_20260125_202626916.jpg HTTP/1.1" 304 0
INFO 2026-02-27 01:25:50,186 log "GET /static/quality_kitty_pics/I%20Love%20to%20Sleep/PXL_20260127_213412079.jpg HTTP/1.1" 304 0
INFO 2026-02-27 01:25:50,187 log "GET /static/quality_kitty_pics/I%20Love%20to%20Explore/PXL_20260222_182437883.MP.jpg HTTP/1.1" 304 0
INFO 2026-02-27 01:25:50,187 log "GET /static/quality_kitty_pics/I%20Love%20my%20Fwends/WhatsApp%20Image%202026-02-22%20at%2009.51.35.jpeg HTTP/1.1" 304 0
INFO 2026-02-27 01:25:50,188 log "GET /static/quality_kitty_pics/I%20Love%20to%20Sleep/PXL_20260203_205902633.jpg HTTP/1.1" 304 0
INFO 2026-02-27 01:25:50,222 log "GET /static/quality_kitty_pics/Take%20me%20on%20Vacation/PXL_20260219_051027972.jpg HTTP/1.1" 304 0
INFO 2026-02-27 01:25:50,223 log "GET /static/quality_kitty_pics/Take%20me%20on%20Vacation/PXL_20260219_051046737.PORTRAIT.jpg HTTP/1.1" 304 0
INFO 2026-02-27 01:25:50,238 log "GET /static/quality_kitty_pics/I%20Love%20to%20Play/california_playing.webm HTTP/1.1" 304 0
INFO 2026-02-27 01:25:53,845 log "GET /prometheus/metrics HTTP/1.1" 200 24461
INFO 2026-02-27 01:26:08,845 log "GET /prometheus/metrics HTTP/1.1" 200 24494
INFO 2026-02-27 01:26:23,844 log "GET /prometheus/metrics HTTP/1.1" 200 24479
INFO 2026-02-27 01:26:25,051 log "GET / HTTP/1.1" 200 13922
INFO 2026-02-27 01:26:25,074 log "GET /static/quality_kitty_pics/PXL_20260219_051244894_preview_rev_1.png HTTP/1.1" 304 0
INFO 2026-02-27 01:26:25,075 log "GET /static/quality_kitty_pics/I%20Love%20to%20Show%20up%20out%20of%20Nowhere/PXL_20260126_064329989.jpg HTTP/1.1" 304 0
INFO 2026-02-27 01:26:25,076 log "GET /static/css/main.css HTTP/1.1" 304 0
INFO 2026-02-27 01:26:25,076 log "GET /static/js/main.js HTTP/1.1" 304 0
INFO 2026-02-27 01:26:25,139 log "GET /static/quality_kitty_pics/I%20Love%20to%20Show%20up%20out%20of%20Nowhere/PXL_20260125_202626916.jpg HTTP/1.1" 304 0
INFO 2026-02-27 01:26:25,143 log "GET /static/quality_kitty_pics/I%20Love%20to%20Sleep/PXL_20260127_213412079.jpg HTTP/1.1" 304 0
INFO 2026-02-27 01:26:25,145 log "GET /static/quality_kitty_pics/I%20Love%20my%20Fwends/WhatsApp%20Image%202026-02-22%20at%2009.51.35.jpeg HTTP/1.1" 304 0
INFO 2026-02-27 01:26:25,146 log "GET /static/quality_kitty_pics/I%20Love%20to%20Sleep/PXL_20260203_205902633.jpg HTTP/1.1" 304 0
INFO 2026-02-27 01:26:25,146 log "GET /static/quality_kitty_pics/I%20Love%20my%20Fwends/edited_PXL_20260220_230759219.jpg HTTP/1.1" 304 0
INFO 2026-02-27 01:26:25,147 log "GET /static/quality_kitty_pics/I%20Love%20to%20Explore/PXL_20260222_182437883.MP.jpg HTTP/1.1" 304 0
INFO 2026-02-27 01:26:25,192 log "GET /static/quality_kitty_pics/I%20Love%20to%20Play/california_playing.webm HTTP/1.1" 304 0
INFO 2026-02-27 01:26:25,193 log "GET /static/quality_kitty_pics/Take%20me%20on%20Vacation/PXL_20260219_051046737.PORTRAIT.jpg HTTP/1.1" 304 0
INFO 2026-02-27 01:26:25,193 log "GET /static/quality_kitty_pics/Take%20me%20on%20Vacation/PXL_20260219_051027972.jpg HTTP/1.1" 304 0
INFO 2026-02-27 01:26:38,845 log "GET /prometheus/metrics HTTP/1.1" 200 24478
INFO 2026-02-27 01:26:40,375 log "GET /prometheus/metrics HTTP/1.1" 200 24480
INFO 2026-02-27 01:26:53,844 log "GET /prometheus/metrics HTTP/1.1" 200 24480
INFO 2026-02-27 01:27:08,843 log "GET /prometheus/metrics HTTP/1.1" 200 24479
INFO 2026-02-27 01:27:20,440 log "GET / HTTP/1.1" 200 13922
INFO 2026-02-27 01:27:20,460 log "GET /static/css/main.css HTTP/1.1" 304 0
INFO 2026-02-27 01:27:20,460 log "GET /static/quality_kitty_pics/I%20Love%20to%20Show%20up%20out%20of%20Nowhere/PXL_20260126_064329989.jpg HTTP/1.1" 304 0
INFO 2026-02-27 01:27:20,461 log "GET /static/quality_kitty_pics/PXL_20260219_051244894_preview_rev_1.png HTTP/1.1" 304 0
INFO 2026-02-27 01:27:20,462 log "GET /static/js/main.js HTTP/1.1" 304 0
INFO 2026-02-27 01:27:20,518 log "GET /static/quality_kitty_pics/I%20Love%20to%20Show%20up%20out%20of%20Nowhere/PXL_20260125_202626916.jpg HTTP/1.1" 304 0
INFO 2026-02-27 01:27:20,540 log "GET /static/quality_kitty_pics/I%20Love%20my%20Fwends/edited_PXL_20260220_230759219.jpg HTTP/1.1" 304 0
INFO 2026-02-27 01:27:20,541 log "GET /static/quality_kitty_pics/I%20Love%20to%20Sleep/PXL_20260203_205902633.jpg HTTP/1.1" 304 0
INFO 2026-02-27 01:27:20,541 log "GET /static/quality_kitty_pics/I%20Love%20my%20Fwends/WhatsApp%20Image%202026-02-22%20at%2009.51.35.jpeg HTTP/1.1" 304 0
INFO 2026-02-27 01:27:20,541 log "GET /static/quality_kitty_pics/I%20Love%20to%20Explore/PXL_20260222_182437883.MP.jpg HTTP/1.1" 304 0
INFO 2026-02-27 01:27:20,540 log "GET /static/quality_kitty_pics/I%20Love%20to%20Sleep/PXL_20260127_213412079.jpg HTTP/1.1" 304 0
INFO 2026-02-27 01:27:20,564 log "GET /static/quality_kitty_pics/Take%20me%20on%20Vacation/PXL_20260219_051027972.jpg HTTP/1.1" 304 0
INFO 2026-02-27 01:27:20,594 log "GET /static/quality_kitty_pics/Take%20me%20on%20Vacation/PXL_20260219_051046737.PORTRAIT.jpg HTTP/1.1" 304 0
INFO 2026-02-27 01:27:20,597 log "GET /static/quality_kitty_pics/I%20Love%20to%20Play/california_playing.webm HTTP/1.1" 304 0
INFO 2026-02-27 01:27:23,846 log "GET /prometheus/metrics HTTP/1.1" 200 24479
INFO 2026-02-27 01:27:33,677 log "GET / HTTP/1.1" 200 13922
INFO 2026-02-27 01:27:33,693 log "GET /static/quality_kitty_pics/PXL_20260219_051244894_preview_rev_1.png HTTP/1.1" 304 0
INFO 2026-02-27 01:27:33,695 log "GET /static/quality_kitty_pics/I%20Love%20to%20Show%20up%20out%20of%20Nowhere/PXL_20260126_064329989.jpg HTTP/1.1" 304 0
INFO 2026-02-27 01:27:33,694 log "GET /static/css/main.css HTTP/1.1" 304 0
INFO 2026-02-27 01:27:33,695 log "GET /static/js/main.js HTTP/1.1" 304 0
INFO 2026-02-27 01:27:33,748 log "GET /static/quality_kitty_pics/I%20Love%20to%20Show%20up%20out%20of%20Nowhere/PXL_20260125_202626916.jpg HTTP/1.1" 304 0
INFO 2026-02-27 01:27:33,748 log "GET /static/quality_kitty_pics/I%20Love%20my%20Fwends/edited_PXL_20260220_230759219.jpg HTTP/1.1" 304 0
INFO 2026-02-27 01:27:33,756 log "GET /static/quality_kitty_pics/I%20Love%20to%20Sleep/PXL_20260203_205902633.jpg HTTP/1.1" 304 0
INFO 2026-02-27 01:27:33,759 log "GET /static/quality_kitty_pics/I%20Love%20my%20Fwends/WhatsApp%20Image%202026-02-22%20at%2009.51.35.jpeg HTTP/1.1" 304 0
INFO 2026-02-27 01:27:33,759 log "GET /static/quality_kitty_pics/I%20Love%20to%20Explore/PXL_20260222_182437883.MP.jpg HTTP/1.1" 304 0
INFO 2026-02-27 01:27:33,758 log "GET /static/quality_kitty_pics/I%20Love%20to%20Sleep/PXL_20260127_213412079.jpg HTTP/1.1" 304 0
INFO 2026-02-27 01:27:33,793 log "GET /static/quality_kitty_pics/Take%20me%20on%20Vacation/PXL_20260219_051046737.PORTRAIT.jpg HTTP/1.1" 304 0
INFO 2026-02-27 01:27:33,793 log "GET /static/quality_kitty_pics/Take%20me%20on%20Vacation/PXL_20260219_051027972.jpg HTTP/1.1" 304 0
INFO 2026-02-27 01:27:33,807 log "GET /static/quality_kitty_pics/I%20Love%20to%20Play/california_playing.webm HTTP/1.1" 304 0
INFO 2026-02-27 01:27:38,845 log "GET /prometheus/metrics HTTP/1.1" 200 24479
INFO 2026-02-27 01:27:53,844 log "GET /prometheus/metrics HTTP/1.1" 200 24480
INFO 2026-02-27 01:28:08,844 log "GET /prometheus/metrics HTTP/1.1" 200 24480
INFO 2026-02-27 01:28:23,845 log "GET /prometheus/metrics HTTP/1.1" 200 24478
INFO 2026-02-27 01:28:38,845 log "GET /prometheus/metrics HTTP/1.1" 200 24477
INFO 2026-02-27 01:28:53,845 log "GET /prometheus/metrics HTTP/1.1" 200 24477
INFO 2026-02-27 01:29:06,167 autoreload /app/kitty_website/custom_logger.py changed, reloading.
INFO 2026-02-27 01:29:07,454 autoreload Watching for file changes with StatReloader
INFO 2026-02-27 01:29:08,848 log "GET /prometheus/metrics HTTP/1.1" 200 15706
INFO 2026-02-27 01:29:20,510 log "GET /prometheus/metrics HTTP/1.1" 200 19346
WARNING 2026-02-27 01:29:20,596 log Not Found: /favicon.ico
WARNING 2026-02-27 01:29:20,596 log "GET /favicon.ico HTTP/1.1" 404 2941
INFO 2026-02-27 01:29:23,844 log "GET /prometheus/metrics HTTP/1.1" 200 21924
INFO 2026-02-27 01:29:29,793 log "GET / HTTP/1.1" 200 13922
INFO 2026-02-27 01:29:29,809 log "GET /static/css/main.css HTTP/1.1" 304 0
INFO 2026-02-27 01:29:29,811 log "GET /static/js/main.js HTTP/1.1" 304 0
INFO 2026-02-27 01:29:29,813 log "GET /static/quality_kitty_pics/PXL_20260219_051244894_preview_rev_1.png HTTP/1.1" 304 0
INFO 2026-02-27 01:29:29,814 log "GET /static/quality_kitty_pics/I%20Love%20to%20Show%20up%20out%20of%20Nowhere/PXL_20260126_064329989.jpg HTTP/1.1" 304 0
INFO 2026-02-27 01:29:29,856 log "GET /static/quality_kitty_pics/I%20Love%20to%20Show%20up%20out%20of%20Nowhere/PXL_20260125_202626916.jpg HTTP/1.1" 304 0
INFO 2026-02-27 01:29:29,865 log "GET /static/quality_kitty_pics/I%20Love%20my%20Fwends/edited_PXL_20260220_230759219.jpg HTTP/1.1" 304 0
INFO 2026-02-27 01:29:29,865 log "GET /static/quality_kitty_pics/I%20Love%20to%20Sleep/PXL_20260203_205902633.jpg HTTP/1.1" 304 0
INFO 2026-02-27 01:29:29,868 log "GET /static/quality_kitty_pics/I%20Love%20my%20Fwends/WhatsApp%20Image%202026-02-22%20at%2009.51.35.jpeg HTTP/1.1" 304 0
INFO 2026-02-27 01:29:29,868 log "GET /static/quality_kitty_pics/I%20Love%20to%20Sleep/PXL_20260127_213412079.jpg HTTP/1.1" 304 0
INFO 2026-02-27 01:29:29,870 log "GET /static/quality_kitty_pics/I%20Love%20to%20Explore/PXL_20260222_182437883.MP.jpg HTTP/1.1" 304 0
INFO 2026-02-27 01:29:29,901 log "GET /static/quality_kitty_pics/Take%20me%20on%20Vacation/PXL_20260219_051027972.jpg HTTP/1.1" 304 0
INFO 2026-02-27 01:29:29,917 log "GET /static/quality_kitty_pics/Take%20me%20on%20Vacation/PXL_20260219_051046737.PORTRAIT.jpg HTTP/1.1" 304 0
INFO 2026-02-27 01:29:29,918 log "GET /static/quality_kitty_pics/I%20Love%20to%20Play/california_playing.webm HTTP/1.1" 304 0
INFO 2026-02-27 01:29:30,106 log "GET / HTTP/1.1" 200 13922
INFO 2026-02-27 01:29:30,121 log "GET /static/css/main.css HTTP/1.1" 304 0
INFO 2026-02-27 01:29:30,122 log "GET /static/js/main.js HTTP/1.1" 304 0
INFO 2026-02-27 01:29:30,122 log "GET /static/quality_kitty_pics/I%20Love%20to%20Show%20up%20out%20of%20Nowhere/PXL_20260126_064329989.jpg HTTP/1.1" 304 0
INFO 2026-02-27 01:29:30,122 log "GET /static/quality_kitty_pics/PXL_20260219_051244894_preview_rev_1.png HTTP/1.1" 304 0
INFO 2026-02-27 01:29:30,177 log "GET /static/quality_kitty_pics/I%20Love%20my%20Fwends/edited_PXL_20260220_230759219.jpg HTTP/1.1" 304 0
INFO 2026-02-27 01:29:30,177 log "GET /static/quality_kitty_pics/I%20Love%20to%20Show%20up%20out%20of%20Nowhere/PXL_20260125_202626916.jpg HTTP/1.1" 304 0
INFO 2026-02-27 01:29:30,186 log "GET /static/quality_kitty_pics/I%20Love%20to%20Sleep/PXL_20260127_213412079.jpg HTTP/1.1" 304 0
INFO 2026-02-27 01:29:30,186 log "GET /static/quality_kitty_pics/I%20Love%20to%20Sleep/PXL_20260203_205902633.jpg HTTP/1.1" 304 0
INFO 2026-02-27 01:29:30,187 log "GET /static/quality_kitty_pics/I%20Love%20to%20Explore/PXL_20260222_182437883.MP.jpg HTTP/1.1" 304 0
INFO 2026-02-27 01:29:30,187 log "GET /static/quality_kitty_pics/I%20Love%20my%20Fwends/WhatsApp%20Image%202026-02-22%20at%2009.51.35.jpeg HTTP/1.1" 304 0
INFO 2026-02-27 01:29:30,221 log "GET /static/quality_kitty_pics/Take%20me%20on%20Vacation/PXL_20260219_051046737.PORTRAIT.jpg HTTP/1.1" 304 0
INFO 2026-02-27 01:29:30,222 log "GET /static/quality_kitty_pics/Take%20me%20on%20Vacation/PXL_20260219_051027972.jpg HTTP/1.1" 304 0
INFO 2026-02-27 01:29:30,236 log "GET /static/quality_kitty_pics/I%20Love%20to%20Play/california_playing.webm HTTP/1.1" 304 0
INFO 2026-02-27 01:29:38,845 log "GET /prometheus/metrics HTTP/1.1" 200 24362
INFO 2026-02-27 01:29:53,669 log "GET / HTTP/1.1" 200 13922
INFO 2026-02-27 01:29:53,681 log "GET /static/css/main.css HTTP/1.1" 304 0
INFO 2026-02-27 01:29:53,684 log "GET /static/quality_kitty_pics/PXL_20260219_051244894_preview_rev_1.png HTTP/1.1" 304 0
INFO 2026-02-27 01:29:53,684 log "GET /static/js/main.js HTTP/1.1" 304 0
INFO 2026-02-27 01:29:53,684 log "GET /static/quality_kitty_pics/I%20Love%20to%20Show%20up%20out%20of%20Nowhere/PXL_20260126_064329989.jpg HTTP/1.1" 304 0
INFO 2026-02-27 01:29:53,749 log "GET /static/quality_kitty_pics/I%20Love%20to%20Show%20up%20out%20of%20Nowhere/PXL_20260125_202626916.jpg HTTP/1.1" 304 0
INFO 2026-02-27 01:29:53,750 log "GET /static/quality_kitty_pics/I%20Love%20to%20Sleep/PXL_20260203_205902633.jpg HTTP/1.1" 304 0
INFO 2026-02-27 01:29:53,751 log "GET /static/quality_kitty_pics/I%20Love%20my%20Fwends/edited_PXL_20260220_230759219.jpg HTTP/1.1" 304 0
INFO 2026-02-27 01:29:53,753 log "GET /static/quality_kitty_pics/I%20Love%20to%20Sleep/PXL_20260127_213412079.jpg HTTP/1.1" 304 0
INFO 2026-02-27 01:29:53,754 log "GET /static/quality_kitty_pics/I%20Love%20my%20Fwends/WhatsApp%20Image%202026-02-22%20at%2009.51.35.jpeg HTTP/1.1" 304 0
INFO 2026-02-27 01:29:53,753 log "GET /static/quality_kitty_pics/I%20Love%20to%20Explore/PXL_20260222_182437883.MP.jpg HTTP/1.1" 304 0
INFO 2026-02-27 01:29:53,803 log "GET /static/quality_kitty_pics/Take%20me%20on%20Vacation/PXL_20260219_051027972.jpg HTTP/1.1" 304 0
INFO 2026-02-27 01:29:53,803 log "GET /static/quality_kitty_pics/I%20Love%20to%20Play/california_playing.webm HTTP/1.1" 304 0
INFO 2026-02-27 01:29:53,804 log "GET /static/quality_kitty_pics/Take%20me%20on%20Vacation/PXL_20260219_051046737.PORTRAIT.jpg HTTP/1.1" 304 0
INFO 2026-02-27 01:29:53,844 log "GET /prometheus/metrics HTTP/1.1" 200 24361
INFO 2026-02-27 01:29:53,865 log "GET / HTTP/1.1" 200 13922
INFO 2026-02-27 01:29:53,879 log "GET /static/css/main.css HTTP/1.1" 304 0
INFO 2026-02-27 01:29:53,880 log "GET /static/js/main.js HTTP/1.1" 304 0
INFO 2026-02-27 01:29:53,879 log "GET /static/quality_kitty_pics/PXL_20260219_051244894_preview_rev_1.png HTTP/1.1" 304 0
INFO 2026-02-27 01:29:53,880 log "GET /static/quality_kitty_pics/I%20Love%20to%20Show%20up%20out%20of%20Nowhere/PXL_20260126_064329989.jpg HTTP/1.1" 304 0
INFO 2026-02-27 01:29:53,924 log "GET /static/quality_kitty_pics/I%20Love%20to%20Show%20up%20out%20of%20Nowhere/PXL_20260125_202626916.jpg HTTP/1.1" 304 0
INFO 2026-02-27 01:29:53,930 log "GET /static/quality_kitty_pics/I%20Love%20my%20Fwends/edited_PXL_20260220_230759219.jpg HTTP/1.1" 304 0
INFO 2026-02-27 01:29:53,931 log "GET /static/quality_kitty_pics/I%20Love%20to%20Sleep/PXL_20260203_205902633.jpg HTTP/1.1" 304 0
INFO 2026-02-27 01:29:53,932 log "GET /static/quality_kitty_pics/I%20Love%20to%20Sleep/PXL_20260127_213412079.jpg HTTP/1.1" 304 0
INFO 2026-02-27 01:29:53,932 log "GET /static/quality_kitty_pics/I%20Love%20my%20Fwends/WhatsApp%20Image%202026-02-22%20at%2009.51.35.jpeg HTTP/1.1" 304 0
INFO 2026-02-27 01:29:53,937 log "GET /static/quality_kitty_pics/I%20Love%20to%20Explore/PXL_20260222_182437883.MP.jpg HTTP/1.1" 304 0
INFO 2026-02-27 01:29:53,967 log "GET /static/quality_kitty_pics/Take%20me%20on%20Vacation/PXL_20260219_051027972.jpg HTTP/1.1" 304 0
INFO 2026-02-27 01:29:53,983 log "GET /static/quality_kitty_pics/Take%20me%20on%20Vacation/PXL_20260219_051046737.PORTRAIT.jpg HTTP/1.1" 304 0
INFO 2026-02-27 01:29:53,984 log "GET /static/quality_kitty_pics/I%20Love%20to%20Play/california_playing.webm HTTP/1.1" 304 0
INFO 2026-02-27 01:29:54,043 log "GET / HTTP/1.1" 200 13922
INFO 2026-02-27 01:29:54,058 log "GET /static/css/main.css HTTP/1.1" 304 0
INFO 2026-02-27 01:29:54,060 log "GET /static/quality_kitty_pics/PXL_20260219_051244894_preview_rev_1.png HTTP/1.1" 304 0
INFO 2026-02-27 01:29:54,059 log "GET /static/quality_kitty_pics/I%20Love%20to%20Show%20up%20out%20of%20Nowhere/PXL_20260126_064329989.jpg HTTP/1.1" 304 0
INFO 2026-02-27 01:29:54,059 log "GET /static/js/main.js HTTP/1.1" 304 0
INFO 2026-02-27 01:29:54,103 log "GET /static/quality_kitty_pics/I%20Love%20to%20Show%20up%20out%20of%20Nowhere/PXL_20260125_202626916.jpg HTTP/1.1" 304 0
INFO 2026-02-27 01:29:54,104 log "GET /static/quality_kitty_pics/I%20Love%20my%20Fwends/edited_PXL_20260220_230759219.jpg HTTP/1.1" 304 0
INFO 2026-02-27 01:29:54,111 log "GET /static/quality_kitty_pics/I%20Love%20to%20Sleep/PXL_20260203_205902633.jpg HTTP/1.1" 304 0
INFO 2026-02-27 01:29:54,112 log "GET /static/quality_kitty_pics/I%20Love%20to%20Explore/PXL_20260222_182437883.MP.jpg HTTP/1.1" 304 0
INFO 2026-02-27 01:29:54,113 log "GET /static/quality_kitty_pics/I%20Love%20my%20Fwends/WhatsApp%20Image%202026-02-22%20at%2009.51.35.jpeg HTTP/1.1" 304 0
INFO 2026-02-27 01:29:54,113 log "GET /static/quality_kitty_pics/I%20Love%20to%20Sleep/PXL_20260127_213412079.jpg HTTP/1.1" 304 0
INFO 2026-02-27 01:29:54,149 log "GET /static/quality_kitty_pics/Take%20me%20on%20Vacation/PXL_20260219_051027972.jpg HTTP/1.1" 304 0
INFO 2026-02-27 01:29:54,149 log "GET /static/quality_kitty_pics/Take%20me%20on%20Vacation/PXL_20260219_051046737.PORTRAIT.jpg HTTP/1.1" 304 0
INFO 2026-02-27 01:29:54,164 log "GET /static/quality_kitty_pics/I%20Love%20to%20Play/california_playing.webm HTTP/1.1" 304 0
INFO 2026-02-27 01:29:54,222 log "GET / HTTP/1.1" 200 13922
INFO 2026-02-27 01:29:54,239 log "GET /static/css/main.css HTTP/1.1" 304 0
INFO 2026-02-27 01:29:54,241 log "GET /static/js/main.js HTTP/1.1" 304 0
INFO 2026-02-27 01:29:54,242 log "GET /static/quality_kitty_pics/PXL_20260219_051244894_preview_rev_1.png HTTP/1.1" 304 0
INFO 2026-02-27 01:29:54,243 log "GET /static/quality_kitty_pics/I%20Love%20to%20Show%20up%20out%20of%20Nowhere/PXL_20260126_064329989.jpg HTTP/1.1" 304 0
INFO 2026-02-27 01:29:54,309 log "GET /static/quality_kitty_pics/I%20Love%20to%20Sleep/PXL_20260203_205902633.jpg HTTP/1.1" 304 0
INFO 2026-02-27 01:29:54,312 log "GET /static/quality_kitty_pics/I%20Love%20my%20Fwends/WhatsApp%20Image%202026-02-22%20at%2009.51.35.jpeg HTTP/1.1" 304 0
INFO 2026-02-27 01:29:54,311 log "GET /static/quality_kitty_pics/I%20Love%20to%20Explore/PXL_20260222_182437883.MP.jpg HTTP/1.1" 304 0
INFO 2026-02-27 01:29:54,313 log "GET /static/quality_kitty_pics/I%20Love%20to%20Sleep/PXL_20260127_213412079.jpg HTTP/1.1" 304 0
INFO 2026-02-27 01:29:54,313 log "GET /static/quality_kitty_pics/I%20Love%20my%20Fwends/edited_PXL_20260220_230759219.jpg HTTP/1.1" 304 0
INFO 2026-02-27 01:29:54,314 log "GET /static/quality_kitty_pics/I%20Love%20to%20Show%20up%20out%20of%20Nowhere/PXL_20260125_202626916.jpg HTTP/1.1" 304 0
INFO 2026-02-27 01:29:54,361 log "GET /static/quality_kitty_pics/I%20Love%20to%20Play/california_playing.webm HTTP/1.1" 304 0
INFO 2026-02-27 01:29:54,361 log "GET /static/quality_kitty_pics/Take%20me%20on%20Vacation/PXL_20260219_051027972.jpg HTTP/1.1" 304 0
INFO 2026-02-27 01:29:54,361 log "GET /static/quality_kitty_pics/Take%20me%20on%20Vacation/PXL_20260219_051046737.PORTRAIT.jpg HTTP/1.1" 304 0
INFO 2026-02-27 01:29:54,419 log "GET / HTTP/1.1" 200 13922
INFO 2026-02-27 01:29:54,433 log "GET /static/css/main.css HTTP/1.1" 304 0
INFO 2026-02-27 01:29:54,434 log "GET /static/js/main.js HTTP/1.1" 304 0
INFO 2026-02-27 01:29:54,436 log "GET /static/quality_kitty_pics/I%20Love%20to%20Show%20up%20out%20of%20Nowhere/PXL_20260126_064329989.jpg HTTP/1.1" 304 0
INFO 2026-02-27 01:29:54,436 log "GET /static/quality_kitty_pics/PXL_20260219_051244894_preview_rev_1.png HTTP/1.1" 304 0
INFO 2026-02-27 01:29:54,481 log "GET /static/quality_kitty_pics/I%20Love%20to%20Show%20up%20out%20of%20Nowhere/PXL_20260125_202626916.jpg HTTP/1.1" 304 0
INFO 2026-02-27 01:29:54,482 log "GET /static/quality_kitty_pics/I%20Love%20my%20Fwends/edited_PXL_20260220_230759219.jpg HTTP/1.1" 304 0
INFO 2026-02-27 01:29:54,489 log "GET /static/quality_kitty_pics/I%20Love%20to%20Sleep/PXL_20260127_213412079.jpg HTTP/1.1" 304 0
INFO 2026-02-27 01:29:54,491 log "GET /static/quality_kitty_pics/I%20Love%20my%20Fwends/WhatsApp%20Image%202026-02-22%20at%2009.51.35.jpeg HTTP/1.1" 304 0
INFO 2026-02-27 01:29:54,490 log "GET /static/quality_kitty_pics/I%20Love%20to%20Sleep/PXL_20260203_205902633.jpg HTTP/1.1" 304 0
INFO 2026-02-27 01:29:54,490 log "GET /static/quality_kitty_pics/I%20Love%20to%20Explore/PXL_20260222_182437883.MP.jpg HTTP/1.1" 304 0
INFO 2026-02-27 01:29:54,526 log "GET /static/quality_kitty_pics/Take%20me%20on%20Vacation/PXL_20260219_051027972.jpg HTTP/1.1" 304 0
INFO 2026-02-27 01:29:54,526 log "GET /static/quality_kitty_pics/Take%20me%20on%20Vacation/PXL_20260219_051046737.PORTRAIT.jpg HTTP/1.1" 304 0
INFO 2026-02-27 01:29:54,542 log "GET /static/quality_kitty_pics/I%20Love%20to%20Play/california_playing.webm HTTP/1.1" 304 0
INFO 2026-02-27 01:30:08,844 log "GET /prometheus/metrics HTTP/1.1" 200 24435
INFO 2026-02-27 01:30:23,843 log "GET /prometheus/metrics HTTP/1.1" 200 24434
INFO 2026-02-27 01:30:31,643 log "GET / HTTP/1.1" 200 13922
INFO 2026-02-27 01:30:31,664 log "GET /static/js/main.js HTTP/1.1" 304 0
INFO 2026-02-27 01:30:31,664 log "GET /static/css/main.css HTTP/1.1" 304 0
INFO 2026-02-27 01:30:31,667 log "GET /static/quality_kitty_pics/PXL_20260219_051244894_preview_rev_1.png HTTP/1.1" 304 0
INFO 2026-02-27 01:30:31,667 log "GET /static/quality_kitty_pics/I%20Love%20to%20Show%20up%20out%20of%20Nowhere/PXL_20260126_064329989.jpg HTTP/1.1" 304 0
INFO 2026-02-27 01:30:31,716 log "GET /static/quality_kitty_pics/I%20Love%20to%20Show%20up%20out%20of%20Nowhere/PXL_20260125_202626916.jpg HTTP/1.1" 304 0
INFO 2026-02-27 01:30:31,716 log "GET /static/quality_kitty_pics/I%20Love%20my%20Fwends/edited_PXL_20260220_230759219.jpg HTTP/1.1" 304 0
INFO 2026-02-27 01:30:31,725 log "GET /static/quality_kitty_pics/I%20Love%20to%20Sleep/PXL_20260203_205902633.jpg HTTP/1.1" 304 0
INFO 2026-02-27 01:30:31,726 log "GET /static/quality_kitty_pics/I%20Love%20to%20Sleep/PXL_20260127_213412079.jpg HTTP/1.1" 304 0
INFO 2026-02-27 01:30:31,726 log "GET /static/quality_kitty_pics/I%20Love%20to%20Explore/PXL_20260222_182437883.MP.jpg HTTP/1.1" 304 0
INFO 2026-02-27 01:30:31,727 log "GET /static/quality_kitty_pics/I%20Love%20my%20Fwends/WhatsApp%20Image%202026-02-22%20at%2009.51.35.jpeg HTTP/1.1" 304 0
INFO 2026-02-27 01:30:31,761 log "GET /static/quality_kitty_pics/Take%20me%20on%20Vacation/PXL_20260219_051027972.jpg HTTP/1.1" 304 0
INFO 2026-02-27 01:30:31,761 log "GET /static/quality_kitty_pics/Take%20me%20on%20Vacation/PXL_20260219_051046737.PORTRAIT.jpg HTTP/1.1" 304 0
INFO 2026-02-27 01:30:31,774 log "GET /static/quality_kitty_pics/I%20Love%20to%20Play/california_playing.webm HTTP/1.1" 304 0
INFO 2026-02-27 01:30:38,845 log "GET /prometheus/metrics HTTP/1.1" 200 24436
INFO 2026-02-27 01:30:53,844 log "GET /prometheus/metrics HTTP/1.1" 200 24436
INFO 2026-02-27 01:31:08,844 log "GET /prometheus/metrics HTTP/1.1" 200 24451
INFO 2026-02-27 01:31:23,845 log "GET /prometheus/metrics HTTP/1.1" 200 24454
INFO 2026-02-27 01:31:38,845 log "GET /prometheus/metrics HTTP/1.1" 200 24453
INFO 2026-02-27 01:31:53,844 log "GET /prometheus/metrics HTTP/1.1" 200 24455
INFO 2026-02-27 01:32:08,845 log "GET /prometheus/metrics HTTP/1.1" 200 24454
INFO 2026-02-27 01:32:23,844 log "GET /prometheus/metrics HTTP/1.1" 200 24456
